<testsuites id="" name="" tests="21" failures="21" skipped="0" errors="0" time="47.454841">
<testsuite name="checkout-flow.spec.ts" timestamp="2025-06-13T13:09:37.070Z" hostname="chromium" tests="11" failures="11" skipped="0" time="139.211" errors="0">
<testcase name="Checkout Flow › user can proceed to checkout from cart" classname="checkout-flow.spec.ts" time="13.022">
<failure message="checkout-flow.spec.ts:21:7 user can proceed to checkout from cart" type="FAILURE">
<![CDATA[  [chromium] › checkout-flow.spec.ts:21:7 › Checkout Flow › user can proceed to checkout from cart ─

    TimeoutError: page.waitForSelector: Timeout 10000ms exceeded.
    Call log:
      - waiting for locator('[data-testid="product-card"]') to be visible


       9 |     // Navigate to shop and add a product to cart
      10 |     await page.goto('/shop')
    > 11 |     await page.waitForSelector('[data-testid="product-card"]')
         |                ^
      12 |     
      13 |     // Add first product to cart
      14 |     await page.click('[data-testid="product-card"]:first-child [data-testid="add-to-cart-btn"]')
        at C:\Users\marti\Desktop\DESARROLLOSW\BOILERPLATTE E-COMMERCE\e2e\checkout-flow.spec.ts:11:16

    attachment #1: screenshot (image/png) ──────────────────────────────────────────────────────────
    test-results\checkout-flow-Checkout-Flo-151b5-oceed-to-checkout-from-cart-chromium\test-failed-1.png
    ────────────────────────────────────────────────────────────────────────────────────────────────

    attachment #2: video (video/webm) ──────────────────────────────────────────────────────────────
    test-results\checkout-flow-Checkout-Flo-151b5-oceed-to-checkout-from-cart-chromium\video.webm
    ────────────────────────────────────────────────────────────────────────────────────────────────

    Error Context: ..\test-results\checkout-flow-Checkout-Flo-151b5-oceed-to-checkout-from-cart-chromium\error-context.md
]]>
</failure>
<system-out>
<![CDATA[
[[ATTACHMENT|checkout-flow-Checkout-Flo-151b5-oceed-to-checkout-from-cart-chromium\test-failed-1.png]]

[[ATTACHMENT|checkout-flow-Checkout-Flo-151b5-oceed-to-checkout-from-cart-chromium\video.webm]]

[[ATTACHMENT|checkout-flow-Checkout-Flo-151b5-oceed-to-checkout-from-cart-chromium\error-context.md]]
]]>
</system-out>
</testcase>
<testcase name="Checkout Flow › checkout form displays correctly" classname="checkout-flow.spec.ts" time="12.991">
<failure message="checkout-flow.spec.ts:36:7 checkout form displays correctly" type="FAILURE">
<![CDATA[  [chromium] › checkout-flow.spec.ts:36:7 › Checkout Flow › checkout form displays correctly ───────

    TimeoutError: page.waitForSelector: Timeout 10000ms exceeded.
    Call log:
      - waiting for locator('[data-testid="product-card"]') to be visible


       9 |     // Navigate to shop and add a product to cart
      10 |     await page.goto('/shop')
    > 11 |     await page.waitForSelector('[data-testid="product-card"]')
         |                ^
      12 |     
      13 |     // Add first product to cart
      14 |     await page.click('[data-testid="product-card"]:first-child [data-testid="add-to-cart-btn"]')
        at C:\Users\marti\Desktop\DESARROLLOSW\BOILERPLATTE E-COMMERCE\e2e\checkout-flow.spec.ts:11:16

    attachment #1: screenshot (image/png) ──────────────────────────────────────────────────────────
    test-results\checkout-flow-Checkout-Flow-checkout-form-displays-correctly-chromium\test-failed-1.png
    ────────────────────────────────────────────────────────────────────────────────────────────────

    attachment #2: video (video/webm) ──────────────────────────────────────────────────────────────
    test-results\checkout-flow-Checkout-Flow-checkout-form-displays-correctly-chromium\video.webm
    ────────────────────────────────────────────────────────────────────────────────────────────────

    Error Context: ..\test-results\checkout-flow-Checkout-Flow-checkout-form-displays-correctly-chromium\error-context.md
]]>
</failure>
<system-out>
<![CDATA[
[[ATTACHMENT|checkout-flow-Checkout-Flow-checkout-form-displays-correctly-chromium\test-failed-1.png]]

[[ATTACHMENT|checkout-flow-Checkout-Flow-checkout-form-displays-correctly-chromium\video.webm]]

[[ATTACHMENT|checkout-flow-Checkout-Flow-checkout-form-displays-correctly-chromium\error-context.md]]
]]>
</system-out>
</testcase>
<testcase name="Checkout Flow › form validation works correctly" classname="checkout-flow.spec.ts" time="12.942">
<failure message="checkout-flow.spec.ts:57:7 form validation works correctly" type="FAILURE">
<![CDATA[  [chromium] › checkout-flow.spec.ts:57:7 › Checkout Flow › form validation works correctly ────────

    TimeoutError: page.waitForSelector: Timeout 10000ms exceeded.
    Call log:
      - waiting for locator('[data-testid="product-card"]') to be visible


       9 |     // Navigate to shop and add a product to cart
      10 |     await page.goto('/shop')
    > 11 |     await page.waitForSelector('[data-testid="product-card"]')
         |                ^
      12 |     
      13 |     // Add first product to cart
      14 |     await page.click('[data-testid="product-card"]:first-child [data-testid="add-to-cart-btn"]')
        at C:\Users\marti\Desktop\DESARROLLOSW\BOILERPLATTE E-COMMERCE\e2e\checkout-flow.spec.ts:11:16

    attachment #1: screenshot (image/png) ──────────────────────────────────────────────────────────
    test-results\checkout-flow-Checkout-Flow-form-validation-works-correctly-chromium\test-failed-1.png
    ────────────────────────────────────────────────────────────────────────────────────────────────

    attachment #2: video (video/webm) ──────────────────────────────────────────────────────────────
    test-results\checkout-flow-Checkout-Flow-form-validation-works-correctly-chromium\video.webm
    ────────────────────────────────────────────────────────────────────────────────────────────────

    Error Context: ..\test-results\checkout-flow-Checkout-Flow-form-validation-works-correctly-chromium\error-context.md
]]>
</failure>
<system-out>
<![CDATA[
[[ATTACHMENT|checkout-flow-Checkout-Flow-form-validation-works-correctly-chromium\test-failed-1.png]]

[[ATTACHMENT|checkout-flow-Checkout-Flow-form-validation-works-correctly-chromium\video.webm]]

[[ATTACHMENT|checkout-flow-Checkout-Flow-form-validation-works-correctly-chromium\error-context.md]]
]]>
</system-out>
</testcase>
<testcase name="Checkout Flow › order summary displays correctly" classname="checkout-flow.spec.ts" time="12.944">
<failure message="checkout-flow.spec.ts:88:7 order summary displays correctly" type="FAILURE">
<![CDATA[  [chromium] › checkout-flow.spec.ts:88:7 › Checkout Flow › order summary displays correctly ───────

    TimeoutError: page.waitForSelector: Timeout 10000ms exceeded.
    Call log:
      - waiting for locator('[data-testid="product-card"]') to be visible


       9 |     // Navigate to shop and add a product to cart
      10 |     await page.goto('/shop')
    > 11 |     await page.waitForSelector('[data-testid="product-card"]')
         |                ^
      12 |     
      13 |     // Add first product to cart
      14 |     await page.click('[data-testid="product-card"]:first-child [data-testid="add-to-cart-btn"]')
        at C:\Users\marti\Desktop\DESARROLLOSW\BOILERPLATTE E-COMMERCE\e2e\checkout-flow.spec.ts:11:16

    attachment #1: screenshot (image/png) ──────────────────────────────────────────────────────────
    test-results\checkout-flow-Checkout-Flow-order-summary-displays-correctly-chromium\test-failed-1.png
    ────────────────────────────────────────────────────────────────────────────────────────────────

    attachment #2: video (video/webm) ──────────────────────────────────────────────────────────────
    test-results\checkout-flow-Checkout-Flow-order-summary-displays-correctly-chromium\video.webm
    ────────────────────────────────────────────────────────────────────────────────────────────────

    Error Context: ..\test-results\checkout-flow-Checkout-Flow-order-summary-displays-correctly-chromium\error-context.md
]]>
</failure>
<system-out>
<![CDATA[
[[ATTACHMENT|checkout-flow-Checkout-Flow-order-summary-displays-correctly-chromium\test-failed-1.png]]

[[ATTACHMENT|checkout-flow-Checkout-Flow-order-summary-displays-correctly-chromium\video.webm]]

[[ATTACHMENT|checkout-flow-Checkout-Flow-order-summary-displays-correctly-chromium\error-context.md]]
]]>
</system-out>
</testcase>
<testcase name="Checkout Flow › shipping calculation works" classname="checkout-flow.spec.ts" time="12.889">
<failure message="checkout-flow.spec.ts:109:7 shipping calculation works" type="FAILURE">
<![CDATA[  [chromium] › checkout-flow.spec.ts:109:7 › Checkout Flow › shipping calculation works ────────────

    TimeoutError: page.waitForSelector: Timeout 10000ms exceeded.
    Call log:
      - waiting for locator('[data-testid="product-card"]') to be visible


       9 |     // Navigate to shop and add a product to cart
      10 |     await page.goto('/shop')
    > 11 |     await page.waitForSelector('[data-testid="product-card"]')
         |                ^
      12 |     
      13 |     // Add first product to cart
      14 |     await page.click('[data-testid="product-card"]:first-child [data-testid="add-to-cart-btn"]')
        at C:\Users\marti\Desktop\DESARROLLOSW\BOILERPLATTE E-COMMERCE\e2e\checkout-flow.spec.ts:11:16

    attachment #1: screenshot (image/png) ──────────────────────────────────────────────────────────
    test-results\checkout-flow-Checkout-Flow-shipping-calculation-works-chromium\test-failed-1.png
    ────────────────────────────────────────────────────────────────────────────────────────────────

    attachment #2: video (video/webm) ──────────────────────────────────────────────────────────────
    test-results\checkout-flow-Checkout-Flow-shipping-calculation-works-chromium\video.webm
    ────────────────────────────────────────────────────────────────────────────────────────────────

    Error Context: ..\test-results\checkout-flow-Checkout-Flow-shipping-calculation-works-chromium\error-context.md
]]>
</failure>
<system-out>
<![CDATA[
[[ATTACHMENT|checkout-flow-Checkout-Flow-shipping-calculation-works-chromium\test-failed-1.png]]

[[ATTACHMENT|checkout-flow-Checkout-Flow-shipping-calculation-works-chromium\video.webm]]

[[ATTACHMENT|checkout-flow-Checkout-Flow-shipping-calculation-works-chromium\error-context.md]]
]]>
</system-out>
</testcase>
<testcase name="Checkout Flow › user can complete checkout successfully" classname="checkout-flow.spec.ts" time="12.912">
<failure message="checkout-flow.spec.ts:138:7 user can complete checkout successfully" type="FAILURE">
<![CDATA[  [chromium] › checkout-flow.spec.ts:138:7 › Checkout Flow › user can complete checkout successfully 

    TimeoutError: page.waitForSelector: Timeout 10000ms exceeded.
    Call log:
      - waiting for locator('[data-testid="product-card"]') to be visible


       9 |     // Navigate to shop and add a product to cart
      10 |     await page.goto('/shop')
    > 11 |     await page.waitForSelector('[data-testid="product-card"]')
         |                ^
      12 |     
      13 |     // Add first product to cart
      14 |     await page.click('[data-testid="product-card"]:first-child [data-testid="add-to-cart-btn"]')
        at C:\Users\marti\Desktop\DESARROLLOSW\BOILERPLATTE E-COMMERCE\e2e\checkout-flow.spec.ts:11:16

    attachment #1: screenshot (image/png) ──────────────────────────────────────────────────────────
    test-results\checkout-flow-Checkout-Flo-de553-plete-checkout-successfully-chromium\test-failed-1.png
    ────────────────────────────────────────────────────────────────────────────────────────────────

    attachment #2: video (video/webm) ──────────────────────────────────────────────────────────────
    test-results\checkout-flow-Checkout-Flo-de553-plete-checkout-successfully-chromium\video.webm
    ────────────────────────────────────────────────────────────────────────────────────────────────

    Error Context: ..\test-results\checkout-flow-Checkout-Flo-de553-plete-checkout-successfully-chromium\error-context.md
]]>
</failure>
<system-out>
<![CDATA[
[[ATTACHMENT|checkout-flow-Checkout-Flo-de553-plete-checkout-successfully-chromium\test-failed-1.png]]

[[ATTACHMENT|checkout-flow-Checkout-Flo-de553-plete-checkout-successfully-chromium\video.webm]]

[[ATTACHMENT|checkout-flow-Checkout-Flo-de553-plete-checkout-successfully-chromium\error-context.md]]
]]>
</system-out>
</testcase>
<testcase name="Checkout Flow › user can modify cart during checkout" classname="checkout-flow.spec.ts" time="12.907">
<failure message="checkout-flow.spec.ts:171:7 user can modify cart during checkout" type="FAILURE">
<![CDATA[  [chromium] › checkout-flow.spec.ts:171:7 › Checkout Flow › user can modify cart during checkout ──

    TimeoutError: page.waitForSelector: Timeout 10000ms exceeded.
    Call log:
      - waiting for locator('[data-testid="product-card"]') to be visible


       9 |     // Navigate to shop and add a product to cart
      10 |     await page.goto('/shop')
    > 11 |     await page.waitForSelector('[data-testid="product-card"]')
         |                ^
      12 |     
      13 |     // Add first product to cart
      14 |     await page.click('[data-testid="product-card"]:first-child [data-testid="add-to-cart-btn"]')
        at C:\Users\marti\Desktop\DESARROLLOSW\BOILERPLATTE E-COMMERCE\e2e\checkout-flow.spec.ts:11:16

    attachment #1: screenshot (image/png) ──────────────────────────────────────────────────────────
    test-results\checkout-flow-Checkout-Flo-6d426-modify-cart-during-checkout-chromium\test-failed-1.png
    ────────────────────────────────────────────────────────────────────────────────────────────────

    attachment #2: video (video/webm) ──────────────────────────────────────────────────────────────
    test-results\checkout-flow-Checkout-Flo-6d426-modify-cart-during-checkout-chromium\video.webm
    ────────────────────────────────────────────────────────────────────────────────────────────────

    Error Context: ..\test-results\checkout-flow-Checkout-Flo-6d426-modify-cart-during-checkout-chromium\error-context.md
]]>
</failure>
<system-out>
<![CDATA[
[[ATTACHMENT|checkout-flow-Checkout-Flo-6d426-modify-cart-during-checkout-chromium\test-failed-1.png]]

[[ATTACHMENT|checkout-flow-Checkout-Flo-6d426-modify-cart-during-checkout-chromium\video.webm]]

[[ATTACHMENT|checkout-flow-Checkout-Flo-6d426-modify-cart-during-checkout-chromium\error-context.md]]
]]>
</system-out>
</testcase>
<testcase name="Checkout Flow › checkout handles empty cart" classname="checkout-flow.spec.ts" time="12.948">
<failure message="checkout-flow.spec.ts:196:7 checkout handles empty cart" type="FAILURE">
<![CDATA[  [chromium] › checkout-flow.spec.ts:196:7 › Checkout Flow › checkout handles empty cart ───────────

    TimeoutError: page.waitForSelector: Timeout 10000ms exceeded.
    Call log:
      - waiting for locator('[data-testid="product-card"]') to be visible


       9 |     // Navigate to shop and add a product to cart
      10 |     await page.goto('/shop')
    > 11 |     await page.waitForSelector('[data-testid="product-card"]')
         |                ^
      12 |     
      13 |     // Add first product to cart
      14 |     await page.click('[data-testid="product-card"]:first-child [data-testid="add-to-cart-btn"]')
        at C:\Users\marti\Desktop\DESARROLLOSW\BOILERPLATTE E-COMMERCE\e2e\checkout-flow.spec.ts:11:16

    attachment #1: screenshot (image/png) ──────────────────────────────────────────────────────────
    test-results\checkout-flow-Checkout-Flow-checkout-handles-empty-cart-chromium\test-failed-1.png
    ────────────────────────────────────────────────────────────────────────────────────────────────

    attachment #2: video (video/webm) ──────────────────────────────────────────────────────────────
    test-results\checkout-flow-Checkout-Flow-checkout-handles-empty-cart-chromium\video.webm
    ────────────────────────────────────────────────────────────────────────────────────────────────

    Error Context: ..\test-results\checkout-flow-Checkout-Flow-checkout-handles-empty-cart-chromium\error-context.md
]]>
</failure>
<system-out>
<![CDATA[
[[ATTACHMENT|checkout-flow-Checkout-Flow-checkout-handles-empty-cart-chromium\test-failed-1.png]]

[[ATTACHMENT|checkout-flow-Checkout-Flow-checkout-handles-empty-cart-chromium\video.webm]]

[[ATTACHMENT|checkout-flow-Checkout-Flow-checkout-handles-empty-cart-chromium\error-context.md]]
]]>
</system-out>
</testcase>
<testcase name="Checkout Flow › checkout form auto-fills for authenticated users" classname="checkout-flow.spec.ts" time="11.898">
<failure message="checkout-flow.spec.ts:211:7 checkout form auto-fills for authenticated users" type="FAILURE">
<![CDATA[  [chromium] › checkout-flow.spec.ts:211:7 › Checkout Flow › checkout form auto-fills for authenticated users 

    TimeoutError: page.waitForSelector: Timeout 10000ms exceeded.
    Call log:
      - waiting for locator('[data-testid="product-card"]') to be visible


       9 |     // Navigate to shop and add a product to cart
      10 |     await page.goto('/shop')
    > 11 |     await page.waitForSelector('[data-testid="product-card"]')
         |                ^
      12 |     
      13 |     // Add first product to cart
      14 |     await page.click('[data-testid="product-card"]:first-child [data-testid="add-to-cart-btn"]')
        at C:\Users\marti\Desktop\DESARROLLOSW\BOILERPLATTE E-COMMERCE\e2e\checkout-flow.spec.ts:11:16

    attachment #1: screenshot (image/png) ──────────────────────────────────────────────────────────
    test-results\checkout-flow-Checkout-Flo-20041-lls-for-authenticated-users-chromium\test-failed-1.png
    ────────────────────────────────────────────────────────────────────────────────────────────────

    attachment #2: video (video/webm) ──────────────────────────────────────────────────────────────
    test-results\checkout-flow-Checkout-Flo-20041-lls-for-authenticated-users-chromium\video.webm
    ────────────────────────────────────────────────────────────────────────────────────────────────

    Error Context: ..\test-results\checkout-flow-Checkout-Flo-20041-lls-for-authenticated-users-chromium\error-context.md
]]>
</failure>
<system-out>
<![CDATA[
[[ATTACHMENT|checkout-flow-Checkout-Flo-20041-lls-for-authenticated-users-chromium\test-failed-1.png]]

[[ATTACHMENT|checkout-flow-Checkout-Flo-20041-lls-for-authenticated-users-chromium\video.webm]]

[[ATTACHMENT|checkout-flow-Checkout-Flo-20041-lls-for-authenticated-users-chromium\error-context.md]]
]]>
</system-out>
</testcase>
<testcase name="Checkout Flow › checkout handles network errors gracefully" classname="checkout-flow.spec.ts" time="11.884">
<failure message="checkout-flow.spec.ts:240:7 checkout handles network errors gracefully" type="FAILURE">
<![CDATA[  [chromium] › checkout-flow.spec.ts:240:7 › Checkout Flow › checkout handles network errors gracefully 

    TimeoutError: page.waitForSelector: Timeout 10000ms exceeded.
    Call log:
      - waiting for locator('[data-testid="product-card"]') to be visible


       9 |     // Navigate to shop and add a product to cart
      10 |     await page.goto('/shop')
    > 11 |     await page.waitForSelector('[data-testid="product-card"]')
         |                ^
      12 |     
      13 |     // Add first product to cart
      14 |     await page.click('[data-testid="product-card"]:first-child [data-testid="add-to-cart-btn"]')
        at C:\Users\marti\Desktop\DESARROLLOSW\BOILERPLATTE E-COMMERCE\e2e\checkout-flow.spec.ts:11:16

    attachment #1: screenshot (image/png) ──────────────────────────────────────────────────────────
    test-results\checkout-flow-Checkout-Flo-4092d-s-network-errors-gracefully-chromium\test-failed-1.png
    ────────────────────────────────────────────────────────────────────────────────────────────────

    attachment #2: video (video/webm) ──────────────────────────────────────────────────────────────
    test-results\checkout-flow-Checkout-Flo-4092d-s-network-errors-gracefully-chromium\video.webm
    ────────────────────────────────────────────────────────────────────────────────────────────────

    Error Context: ..\test-results\checkout-flow-Checkout-Flo-4092d-s-network-errors-gracefully-chromium\error-context.md
]]>
</failure>
<system-out>
<![CDATA[
[[ATTACHMENT|checkout-flow-Checkout-Flo-4092d-s-network-errors-gracefully-chromium\test-failed-1.png]]

[[ATTACHMENT|checkout-flow-Checkout-Flo-4092d-s-network-errors-gracefully-chromium\video.webm]]

[[ATTACHMENT|checkout-flow-Checkout-Flo-4092d-s-network-errors-gracefully-chromium\error-context.md]]
]]>
</system-out>
</testcase>
<testcase name="Checkout Flow › checkout shows loading state during processing" classname="checkout-flow.spec.ts" time="11.874">
<failure message="checkout-flow.spec.ts:263:7 checkout shows loading state during processing" type="FAILURE">
<![CDATA[  [chromium] › checkout-flow.spec.ts:263:7 › Checkout Flow › checkout shows loading state during processing 

    TimeoutError: page.waitForSelector: Timeout 10000ms exceeded.
    Call log:
      - waiting for locator('[data-testid="product-card"]') to be visible


       9 |     // Navigate to shop and add a product to cart
      10 |     await page.goto('/shop')
    > 11 |     await page.waitForSelector('[data-testid="product-card"]')
         |                ^
      12 |     
      13 |     // Add first product to cart
      14 |     await page.click('[data-testid="product-card"]:first-child [data-testid="add-to-cart-btn"]')
        at C:\Users\marti\Desktop\DESARROLLOSW\BOILERPLATTE E-COMMERCE\e2e\checkout-flow.spec.ts:11:16

    attachment #1: screenshot (image/png) ──────────────────────────────────────────────────────────
    test-results\checkout-flow-Checkout-Flo-d9b7b-ing-state-during-processing-chromium\test-failed-1.png
    ────────────────────────────────────────────────────────────────────────────────────────────────

    attachment #2: video (video/webm) ──────────────────────────────────────────────────────────────
    test-results\checkout-flow-Checkout-Flo-d9b7b-ing-state-during-processing-chromium\video.webm
    ────────────────────────────────────────────────────────────────────────────────────────────────

    Error Context: ..\test-results\checkout-flow-Checkout-Flo-d9b7b-ing-state-during-processing-chromium\error-context.md
]]>
</failure>
<system-out>
<![CDATA[
[[ATTACHMENT|checkout-flow-Checkout-Flo-d9b7b-ing-state-during-processing-chromium\test-failed-1.png]]

[[ATTACHMENT|checkout-flow-Checkout-Flo-d9b7b-ing-state-during-processing-chromium\video.webm]]

[[ATTACHMENT|checkout-flow-Checkout-Flo-d9b7b-ing-state-during-processing-chromium\error-context.md]]
]]>
</system-out>
</testcase>
</testsuite>
<testsuite name="shopping-flow.spec.ts" timestamp="2025-06-13T13:09:37.070Z" hostname="chromium" tests="10" failures="10" skipped="0" time="120.379" errors="0">
<testcase name="Shopping Flow › user can browse products and add to cart" classname="shopping-flow.spec.ts" time="15.061">
<failure message="shopping-flow.spec.ts:13:7 user can browse products and add to cart" type="FAILURE">
<![CDATA[  [chromium] › shopping-flow.spec.ts:13:7 › Shopping Flow › user can browse products and add to cart 

    TimeoutError: page.waitForSelector: Timeout 10000ms exceeded.
    Call log:
      - waiting for locator('[data-testid="product-card"]') to be visible


      17 |
      18 |     // Wait for products to load
    > 19 |     await page.waitForSelector('[data-testid="product-card"]', { timeout: 10000 })
         |                ^
      20 |
      21 |     // Verify products are displayed
      22 |     const productCards = page.locator('[data-testid="product-card"]')
        at C:\Users\marti\Desktop\DESARROLLOSW\BOILERPLATTE E-COMMERCE\e2e\shopping-flow.spec.ts:19:16

    attachment #1: screenshot (image/png) ──────────────────────────────────────────────────────────
    test-results\shopping-flow-Shopping-Flo-fe815-se-products-and-add-to-cart-chromium\test-failed-1.png
    ────────────────────────────────────────────────────────────────────────────────────────────────

    attachment #2: video (video/webm) ──────────────────────────────────────────────────────────────
    test-results\shopping-flow-Shopping-Flo-fe815-se-products-and-add-to-cart-chromium\video.webm
    ────────────────────────────────────────────────────────────────────────────────────────────────

    Error Context: ..\test-results\shopping-flow-Shopping-Flo-fe815-se-products-and-add-to-cart-chromium\error-context.md
]]>
</failure>
<system-out>
<![CDATA[
[[ATTACHMENT|shopping-flow-Shopping-Flo-fe815-se-products-and-add-to-cart-chromium\test-failed-1.png]]

[[ATTACHMENT|shopping-flow-Shopping-Flo-fe815-se-products-and-add-to-cart-chromium\video.webm]]

[[ATTACHMENT|shopping-flow-Shopping-Flo-fe815-se-products-and-add-to-cart-chromium\error-context.md]]
]]>
</system-out>
</testcase>
<testcase name="Shopping Flow › user can search for products" classname="shopping-flow.spec.ts" time="12.984">
<failure message="shopping-flow.spec.ts:47:7 user can search for products" type="FAILURE">
<![CDATA[  [chromium] › shopping-flow.spec.ts:47:7 › Shopping Flow › user can search for products ───────────

    TimeoutError: locator.fill: Timeout 10000ms exceeded.
    Call log:
      - waiting for locator('[data-testid="search-input"]')


      51 |     // Search for products
      52 |     const searchInput = page.locator('[data-testid="search-input"]')
    > 53 |     await searchInput.fill('pintura')
         |                       ^
      54 |     await searchInput.press('Enter')
      55 |
      56 |     // Wait for search results
        at C:\Users\marti\Desktop\DESARROLLOSW\BOILERPLATTE E-COMMERCE\e2e\shopping-flow.spec.ts:53:23

    attachment #1: screenshot (image/png) ──────────────────────────────────────────────────────────
    test-results\shopping-flow-Shopping-Flow-user-can-search-for-products-chromium\test-failed-1.png
    ────────────────────────────────────────────────────────────────────────────────────────────────

    attachment #2: video (video/webm) ──────────────────────────────────────────────────────────────
    test-results\shopping-flow-Shopping-Flow-user-can-search-for-products-chromium\video.webm
    ────────────────────────────────────────────────────────────────────────────────────────────────

    Error Context: ..\test-results\shopping-flow-Shopping-Flow-user-can-search-for-products-chromium\error-context.md
]]>
</failure>
<system-out>
<![CDATA[
[[ATTACHMENT|shopping-flow-Shopping-Flow-user-can-search-for-products-chromium\test-failed-1.png]]

[[ATTACHMENT|shopping-flow-Shopping-Flow-user-can-search-for-products-chromium\video.webm]]

[[ATTACHMENT|shopping-flow-Shopping-Flow-user-can-search-for-products-chromium\error-context.md]]
]]>
</system-out>
</testcase>
<testcase name="Shopping Flow › user can filter products by category" classname="shopping-flow.spec.ts" time="12.806">
<failure message="shopping-flow.spec.ts:69:7 user can filter products by category" type="FAILURE">
<![CDATA[  [chromium] › shopping-flow.spec.ts:69:7 › Shopping Flow › user can filter products by category ───

    TimeoutError: page.waitForSelector: Timeout 10000ms exceeded.
    Call log:
      - waiting for locator('[data-testid="category-filter"]') to be visible


      72 |
      73 |     // Wait for categories to load
    > 74 |     await page.waitForSelector('[data-testid="category-filter"]')
         |                ^
      75 |
      76 |     // Click on a category filter
      77 |     await page.click('[data-testid="category-filter"]:has-text("Pinturas Látex")')
        at C:\Users\marti\Desktop\DESARROLLOSW\BOILERPLATTE E-COMMERCE\e2e\shopping-flow.spec.ts:74:16

    attachment #1: screenshot (image/png) ──────────────────────────────────────────────────────────
    test-results\shopping-flow-Shopping-Flo-4db91-filter-products-by-category-chromium\test-failed-1.png
    ────────────────────────────────────────────────────────────────────────────────────────────────

    attachment #2: video (video/webm) ──────────────────────────────────────────────────────────────
    test-results\shopping-flow-Shopping-Flo-4db91-filter-products-by-category-chromium\video.webm
    ────────────────────────────────────────────────────────────────────────────────────────────────

    Error Context: ..\test-results\shopping-flow-Shopping-Flo-4db91-filter-products-by-category-chromium\error-context.md
]]>
</failure>
<system-out>
<![CDATA[
[[ATTACHMENT|shopping-flow-Shopping-Flo-4db91-filter-products-by-category-chromium\test-failed-1.png]]

[[ATTACHMENT|shopping-flow-Shopping-Flo-4db91-filter-products-by-category-chromium\video.webm]]

[[ATTACHMENT|shopping-flow-Shopping-Flo-4db91-filter-products-by-category-chromium\error-context.md]]
]]>
</system-out>
</testcase>
<testcase name="Shopping Flow › user can add multiple products to cart" classname="shopping-flow.spec.ts" time="13.074">
<failure message="shopping-flow.spec.ts:96:7 user can add multiple products to cart" type="FAILURE">
<![CDATA[  [chromium] › shopping-flow.spec.ts:96:7 › Shopping Flow › user can add multiple products to cart ─

    TimeoutError: page.waitForSelector: Timeout 10000ms exceeded.
    Call log:
      - waiting for locator('[data-testid="product-card"]') to be visible


       99 |
      100 |     // Wait for products to load
    > 101 |     await page.waitForSelector('[data-testid="product-card"]')
          |                ^
      102 |
      103 |     // Add first product to cart
      104 |     await page.click('[data-testid="product-card"]:nth-child(1) [data-testid="add-to-cart-btn"]')
        at C:\Users\marti\Desktop\DESARROLLOSW\BOILERPLATTE E-COMMERCE\e2e\shopping-flow.spec.ts:101:16

    attachment #1: screenshot (image/png) ──────────────────────────────────────────────────────────
    test-results\shopping-flow-Shopping-Flo-d5aef-d-multiple-products-to-cart-chromium\test-failed-1.png
    ────────────────────────────────────────────────────────────────────────────────────────────────

    attachment #2: video (video/webm) ──────────────────────────────────────────────────────────────
    test-results\shopping-flow-Shopping-Flo-d5aef-d-multiple-products-to-cart-chromium\video.webm
    ────────────────────────────────────────────────────────────────────────────────────────────────

    Error Context: ..\test-results\shopping-flow-Shopping-Flo-d5aef-d-multiple-products-to-cart-chromium\error-context.md
]]>
</failure>
<system-out>
<![CDATA[
[[ATTACHMENT|shopping-flow-Shopping-Flo-d5aef-d-multiple-products-to-cart-chromium\test-failed-1.png]]

[[ATTACHMENT|shopping-flow-Shopping-Flo-d5aef-d-multiple-products-to-cart-chromium\video.webm]]

[[ATTACHMENT|shopping-flow-Shopping-Flo-d5aef-d-multiple-products-to-cart-chromium\error-context.md]]
]]>
</system-out>
</testcase>
<testcase name="Shopping Flow › user can update product quantity in cart" classname="shopping-flow.spec.ts" time="12.832">
<failure message="shopping-flow.spec.ts:124:7 user can update product quantity in cart" type="FAILURE">
<![CDATA[  [chromium] › shopping-flow.spec.ts:124:7 › Shopping Flow › user can update product quantity in cart 

    TimeoutError: page.waitForSelector: Timeout 10000ms exceeded.
    Call log:
      - waiting for locator('[data-testid="product-card"]') to be visible


      125 |     // Navigate to shop and add product to cart
      126 |     await page.goto('/shop')
    > 127 |     await page.waitForSelector('[data-testid="product-card"]')
          |                ^
      128 |     await page.click('[data-testid="product-card"]:first-child [data-testid="add-to-cart-btn"]')
      129 |
      130 |     // Open cart sidebar
        at C:\Users\marti\Desktop\DESARROLLOSW\BOILERPLATTE E-COMMERCE\e2e\shopping-flow.spec.ts:127:16

    attachment #1: screenshot (image/png) ──────────────────────────────────────────────────────────
    test-results\shopping-flow-Shopping-Flo-1ddc4-te-product-quantity-in-cart-chromium\test-failed-1.png
    ────────────────────────────────────────────────────────────────────────────────────────────────

    attachment #2: video (video/webm) ──────────────────────────────────────────────────────────────
    test-results\shopping-flow-Shopping-Flo-1ddc4-te-product-quantity-in-cart-chromium\video.webm
    ────────────────────────────────────────────────────────────────────────────────────────────────

    Error Context: ..\test-results\shopping-flow-Shopping-Flo-1ddc4-te-product-quantity-in-cart-chromium\error-context.md
]]>
</failure>
<system-out>
<![CDATA[
[[ATTACHMENT|shopping-flow-Shopping-Flo-1ddc4-te-product-quantity-in-cart-chromium\test-failed-1.png]]

[[ATTACHMENT|shopping-flow-Shopping-Flo-1ddc4-te-product-quantity-in-cart-chromium\video.webm]]

[[ATTACHMENT|shopping-flow-Shopping-Flo-1ddc4-te-product-quantity-in-cart-chromium\error-context.md]]
]]>
</system-out>
</testcase>
<testcase name="Shopping Flow › user can remove products from cart" classname="shopping-flow.spec.ts" time="11.749">
<failure message="shopping-flow.spec.ts:149:7 user can remove products from cart" type="FAILURE">
<![CDATA[  [chromium] › shopping-flow.spec.ts:149:7 › Shopping Flow › user can remove products from cart ────

    TimeoutError: page.waitForSelector: Timeout 10000ms exceeded.
    Call log:
      - waiting for locator('[data-testid="product-card"]') to be visible


      150 |     // Navigate to shop and add product to cart
      151 |     await page.goto('/shop')
    > 152 |     await page.waitForSelector('[data-testid="product-card"]')
          |                ^
      153 |     await page.click('[data-testid="product-card"]:first-child [data-testid="add-to-cart-btn"]')
      154 |
      155 |     // Open cart sidebar
        at C:\Users\marti\Desktop\DESARROLLOSW\BOILERPLATTE E-COMMERCE\e2e\shopping-flow.spec.ts:152:16

    attachment #1: screenshot (image/png) ──────────────────────────────────────────────────────────
    test-results\shopping-flow-Shopping-Flo-01786-n-remove-products-from-cart-chromium\test-failed-1.png
    ────────────────────────────────────────────────────────────────────────────────────────────────

    attachment #2: video (video/webm) ──────────────────────────────────────────────────────────────
    test-results\shopping-flow-Shopping-Flo-01786-n-remove-products-from-cart-chromium\video.webm
    ────────────────────────────────────────────────────────────────────────────────────────────────

    Error Context: ..\test-results\shopping-flow-Shopping-Flo-01786-n-remove-products-from-cart-chromium\error-context.md
]]>
</failure>
<system-out>
<![CDATA[
[[ATTACHMENT|shopping-flow-Shopping-Flo-01786-n-remove-products-from-cart-chromium\test-failed-1.png]]

[[ATTACHMENT|shopping-flow-Shopping-Flo-01786-n-remove-products-from-cart-chromium\video.webm]]

[[ATTACHMENT|shopping-flow-Shopping-Flo-01786-n-remove-products-from-cart-chromium\error-context.md]]
]]>
</system-out>
</testcase>
<testcase name="Shopping Flow › user can add products to wishlist" classname="shopping-flow.spec.ts" time="11.771">
<failure message="shopping-flow.spec.ts:169:7 user can add products to wishlist" type="FAILURE">
<![CDATA[  [chromium] › shopping-flow.spec.ts:169:7 › Shopping Flow › user can add products to wishlist ─────

    TimeoutError: page.waitForSelector: Timeout 10000ms exceeded.
    Call log:
      - waiting for locator('[data-testid="product-card"]') to be visible


      170 |     // Navigate to shop
      171 |     await page.goto('/shop')
    > 172 |     await page.waitForSelector('[data-testid="product-card"]')
          |                ^
      173 |
      174 |     // Add product to wishlist
      175 |     await page.click('[data-testid="product-card"]:first-child [data-testid="wishlist-btn"]')
        at C:\Users\marti\Desktop\DESARROLLOSW\BOILERPLATTE E-COMMERCE\e2e\shopping-flow.spec.ts:172:16

    attachment #1: screenshot (image/png) ──────────────────────────────────────────────────────────
    test-results\shopping-flow-Shopping-Flo-2ea7c-an-add-products-to-wishlist-chromium\test-failed-1.png
    ────────────────────────────────────────────────────────────────────────────────────────────────

    attachment #2: video (video/webm) ──────────────────────────────────────────────────────────────
    test-results\shopping-flow-Shopping-Flo-2ea7c-an-add-products-to-wishlist-chromium\video.webm
    ────────────────────────────────────────────────────────────────────────────────────────────────

    Error Context: ..\test-results\shopping-flow-Shopping-Flo-2ea7c-an-add-products-to-wishlist-chromium\error-context.md
]]>
</failure>
<system-out>
<![CDATA[
[[ATTACHMENT|shopping-flow-Shopping-Flo-2ea7c-an-add-products-to-wishlist-chromium\test-failed-1.png]]

[[ATTACHMENT|shopping-flow-Shopping-Flo-2ea7c-an-add-products-to-wishlist-chromium\video.webm]]

[[ATTACHMENT|shopping-flow-Shopping-Flo-2ea7c-an-add-products-to-wishlist-chromium\error-context.md]]
]]>
</system-out>
</testcase>
<testcase name="Shopping Flow › user can view product details" classname="shopping-flow.spec.ts" time="11.725">
<failure message="shopping-flow.spec.ts:187:7 user can view product details" type="FAILURE">
<![CDATA[  [chromium] › shopping-flow.spec.ts:187:7 › Shopping Flow › user can view product details ─────────

    TimeoutError: page.waitForSelector: Timeout 10000ms exceeded.
    Call log:
      - waiting for locator('[data-testid="product-card"]') to be visible


      188 |     // Navigate to shop
      189 |     await page.goto('/shop')
    > 190 |     await page.waitForSelector('[data-testid="product-card"]')
          |                ^
      191 |
      192 |     // Get product name from card
      193 |     const productName = await page.locator('[data-testid="product-card"]:first-child [data-testid="product-name"]').textContent()
        at C:\Users\marti\Desktop\DESARROLLOSW\BOILERPLATTE E-COMMERCE\e2e\shopping-flow.spec.ts:190:16

    attachment #1: screenshot (image/png) ──────────────────────────────────────────────────────────
    test-results\shopping-flow-Shopping-Flow-user-can-view-product-details-chromium\test-failed-1.png
    ────────────────────────────────────────────────────────────────────────────────────────────────

    attachment #2: video (video/webm) ──────────────────────────────────────────────────────────────
    test-results\shopping-flow-Shopping-Flow-user-can-view-product-details-chromium\video.webm
    ────────────────────────────────────────────────────────────────────────────────────────────────

    Error Context: ..\test-results\shopping-flow-Shopping-Flow-user-can-view-product-details-chromium\error-context.md
]]>
</failure>
<system-out>
<![CDATA[
[[ATTACHMENT|shopping-flow-Shopping-Flow-user-can-view-product-details-chromium\test-failed-1.png]]

[[ATTACHMENT|shopping-flow-Shopping-Flow-user-can-view-product-details-chromium\video.webm]]

[[ATTACHMENT|shopping-flow-Shopping-Flow-user-can-view-product-details-chromium\error-context.md]]
]]>
</system-out>
</testcase>
<testcase name="Shopping Flow › user can navigate using breadcrumbs" classname="shopping-flow.spec.ts" time="11.752">
<failure message="shopping-flow.spec.ts:211:7 user can navigate using breadcrumbs" type="FAILURE">
<![CDATA[  [chromium] › shopping-flow.spec.ts:211:7 › Shopping Flow › user can navigate using breadcrumbs ───

    TimeoutError: page.waitForSelector: Timeout 10000ms exceeded.
    Call log:
      - waiting for locator('[data-testid="product-card"]') to be visible


      212 |     // Navigate to shop
      213 |     await page.goto('/shop')
    > 214 |     await page.waitForSelector('[data-testid="product-card"]')
          |                ^
      215 |
      216 |     // Click on a product
      217 |     await page.click('[data-testid="product-card"]:first-child')
        at C:\Users\marti\Desktop\DESARROLLOSW\BOILERPLATTE E-COMMERCE\e2e\shopping-flow.spec.ts:214:16

    attachment #1: screenshot (image/png) ──────────────────────────────────────────────────────────
    test-results\shopping-flow-Shopping-Flo-1ceb5--navigate-using-breadcrumbs-chromium\test-failed-1.png
    ────────────────────────────────────────────────────────────────────────────────────────────────

    attachment #2: video (video/webm) ──────────────────────────────────────────────────────────────
    test-results\shopping-flow-Shopping-Flo-1ceb5--navigate-using-breadcrumbs-chromium\video.webm
    ────────────────────────────────────────────────────────────────────────────────────────────────

    Error Context: ..\test-results\shopping-flow-Shopping-Flo-1ceb5--navigate-using-breadcrumbs-chromium\error-context.md
]]>
</failure>
<system-out>
<![CDATA[
[[ATTACHMENT|shopping-flow-Shopping-Flo-1ceb5--navigate-using-breadcrumbs-chromium\test-failed-1.png]]

[[ATTACHMENT|shopping-flow-Shopping-Flo-1ceb5--navigate-using-breadcrumbs-chromium\video.webm]]

[[ATTACHMENT|shopping-flow-Shopping-Flo-1ceb5--navigate-using-breadcrumbs-chromium\error-context.md]]
]]>
</system-out>
</testcase>
<testcase name="Shopping Flow › responsive design works on mobile" classname="shopping-flow.spec.ts" time="6.625">
<failure message="shopping-flow.spec.ts:229:7 responsive design works on mobile" type="FAILURE">
<![CDATA[  [chromium] › shopping-flow.spec.ts:229:7 › Shopping Flow › responsive design works on mobile ─────

    Error: Timed out 5000ms waiting for expect(locator).toBeVisible()

    Locator: locator('[data-testid="mobile-menu-btn"]')
    Expected: visible
    Received: <element(s) not found>
    Call log:
      - Expect "toBeVisible" with timeout 5000ms
      - waiting for locator('[data-testid="mobile-menu-btn"]')


      235 |
      236 |     // Verify mobile menu button is visible
    > 237 |     await expect(page.locator('[data-testid="mobile-menu-btn"]')).toBeVisible()
          |                                                                   ^
      238 |
      239 |     // Open mobile menu
      240 |     await page.click('[data-testid="mobile-menu-btn"]')
        at C:\Users\marti\Desktop\DESARROLLOSW\BOILERPLATTE E-COMMERCE\e2e\shopping-flow.spec.ts:237:67

    attachment #1: screenshot (image/png) ──────────────────────────────────────────────────────────
    test-results\shopping-flow-Shopping-Flo-62e0c-sive-design-works-on-mobile-chromium\test-failed-1.png
    ────────────────────────────────────────────────────────────────────────────────────────────────

    attachment #2: video (video/webm) ──────────────────────────────────────────────────────────────
    test-results\shopping-flow-Shopping-Flo-62e0c-sive-design-works-on-mobile-chromium\video.webm
    ────────────────────────────────────────────────────────────────────────────────────────────────

    Error Context: ..\test-results\shopping-flow-Shopping-Flo-62e0c-sive-design-works-on-mobile-chromium\error-context.md
]]>
</failure>
<system-out>
<![CDATA[
[[ATTACHMENT|shopping-flow-Shopping-Flo-62e0c-sive-design-works-on-mobile-chromium\test-failed-1.png]]

[[ATTACHMENT|shopping-flow-Shopping-Flo-62e0c-sive-design-works-on-mobile-chromium\video.webm]]

[[ATTACHMENT|shopping-flow-Shopping-Flo-62e0c-sive-design-works-on-mobile-chromium\error-context.md]]
]]>
</system-out>
</testcase>
</testsuite>
</testsuites>